<?xml version="1.0" encoding="UTF-8"?>
<!-- Generated by org.testng.reporters.JUnitXMLReporter -->
<testsuite ignored="0" hostname="DESKTOP-288RU1L" failures="0" tests="9" name="Test" time="0.14" errors="0" timestamp="2022-02-04T21:25:58 EET">
  <testcase classname="ToDoCartTests.SignUpTest" name="Verify_Adding_Valid_Email" time="0.013"/>
  <testcase classname="ToDoCartTests.SignUpTest" name="Verify_Adding_Valid_Full_Name" time="0.007"/>
  <testcase classname="ToDoCartTests.SignUpTest" name="Verify_CLicking_On_SignUp_Button" time="0.003"/>
  <testcase classname="ToDoCartTests.SignUpTest" name="Verify_adding_Valid_Password" time="0.002"/>
  <testcase classname="ToDoCartTests.TaskListTest" name="TC_001_Verify_Existing_Of_Task_List" time="0.002"/>
  <testcase classname="ToDoCartTests.TaskListTest" name="TC_002_Verify_Completing_Of_Task" time="0.003"/>
  <testcase classname="ToDoCartTests.AddNewTaskTest" name="Verify_Adding_New_Task" time="0.004"/>
  <testcase classname="ToDoCartTests.LoginPageTest" name="Verify_Entering_Valid_Email" time="0.004"/>
  <testcase classname="ToDoCartTests.LoginPageTest" name="Verify_Entering_Valid_Password" time="0.002"/>
</testsuite> <!-- Test -->
